<?xml version="1.0" encoding="UTF-8"?>
<!-- Generated by org.testng.reporters.JUnitReportReporter -->
<testsuite hostname="Macs-MacBook-Pro.local" failures="0" tests="3" name="TestClass.TestProp" time="27.824" errors="0" timestamp="2023-10-30T10:54:00 IST" skipped="0">
  <testcase classname="TestClass.TestProp" name="check" time="9.427"/>
  <system-out/>
  <testcase classname="TestClass.TestProp" name="check" time="8.964"/>
  <system-out/>
  <testcase classname="TestClass.TestProp" name="check" time="9.433"/>
  <system-out/>
</testsuite> <!-- TestClass.TestProp -->
