<?xml version="1.0" encoding="UTF-8"?>
<!-- Generated by org.testng.reporters.JUnitReportReporter -->
<testsuite hostname="Macs-MacBook-Pro.local" failures="0" tests="1" name="com.example.NewTest" time="1.218" errors="0" timestamp="2023-09-29T08:46:09 IST" skipped="0">
  <testcase classname="com.example.NewTest" name="navigateToAUrl" time="1.218"/>
  <system-out/>
</testsuite> <!-- com.example.NewTest -->
